<?xml version="1.0" encoding="UTF-8"?>
<testng-results ignored="0" total="1" passed="1" failed="0" skipped="0">
  <reporter-output>
  </reporter-output>
  <suite started-at="2022-05-21T08:13:31 IST" name="Default suite" finished-at="2022-05-21T08:14:14 IST" duration-ms="43836">
    <groups>
    </groups>
    <test started-at="2022-05-21T08:13:31 IST" name="Default test" finished-at="2022-05-21T08:14:14 IST" duration-ms="43836">
      <class name="scripts.Testcase2">
        <test-method is-config="true" signature="openApp()[pri:0, instance:scripts.Testcase2@29647f75]" started-at="2022-05-21T08:13:31 IST" name="openApp" finished-at="2022-05-21T08:13:39 IST" duration-ms="8567" status="PASS">
          <reporter-output>
          </reporter-output>
        </test-method> <!-- openApp -->
        <test-method signature="tc2()[pri:0, instance:scripts.Testcase2@29647f75]" started-at="2022-05-21T08:13:39 IST" name="tc2" finished-at="2022-05-21T08:14:13 IST" duration-ms="33850" status="PASS">
          <reporter-output>
          </reporter-output>
        </test-method> <!-- tc2 -->
        <test-method is-config="true" signature="closeApp(org.testng.ITestResult)[pri:0, instance:scripts.Testcase2@29647f75]" started-at="2022-05-21T08:14:13 IST" name="closeApp" finished-at="2022-05-21T08:14:14 IST" duration-ms="1153" status="PASS">
          <params>
            <param index="0">
              <value>
                <![CDATA[[TestResult name=tc2 status=SUCCESS method=Testcase2.tc2()[pri:0, instance:scripts.Testcase2@29647f75] output={null}]]]>
              </value>
            </param>
          </params>
          <reporter-output>
          </reporter-output>
        </test-method> <!-- closeApp -->
      </class> <!-- scripts.Testcase2 -->
    </test> <!-- Default test -->
  </suite> <!-- Default suite -->
</testng-results>
